Determining if the pthread_create exist failed with the following output:
Change Dir: /users/studs/bsc/2015/barakgo/catkin_ws/build/CMakeFiles/CMakeTmp

Run Build Command:/usr/bin/make "cmTryCompileExec110669531/fast"
/usr/bin/make -f CMakeFiles/cmTryCompileExec110669531.dir/build.make CMakeFiles/cmTryCompileExec110669531.dir/build
make[1]: Entering directory `/users/studs/bsc/2015/barakgo/catkin_ws/build/CMakeFiles/CMakeTmp'
/usr/bin/cmake -E cmake_progress_report /users/studs/bsc/2015/barakgo/catkin_ws/build/CMakeFiles/CMakeTmp/CMakeFiles 1
Building C object CMakeFiles/cmTryCompileExec110669531.dir/CheckSymbolExists.c.o
/usr/bin/cc    -o CMakeFiles/cmTryCompileExec110669531.dir/CheckSymbolExists.c.o   -c /users/studs/bsc/2015/barakgo/catkin_ws/build/CMakeFiles/CMakeTmp/CheckSymbolExists.c
Linking C executable cmTryCompileExec110669531
/usr/bin/cmake -E cmake_link_script CMakeFiles/cmTryCompileExec110669531.dir/link.txt --verbose=1
/usr/bin/cc       CMakeFiles/cmTryCompileExec110669531.dir/CheckSymbolExists.c.o  -o cmTryCompileExec110669531 -rdynamic 
CMakeFiles/cmTryCompileExec110669531.dir/CheckSymbolExists.c.o: In function `main':
CheckSymbolExists.c:(.text+0x16): undefined reference to `pthread_create'
collect2: error: ld returned 1 exit status
make[1]: *** [cmTryCompileExec110669531] Error 1
make[1]: Leaving directory `/users/studs/bsc/2015/barakgo/catkin_ws/build/CMakeFiles/CMakeTmp'
make: *** [cmTryCompileExec110669531/fast] Error 2

File /users/studs/bsc/2015/barakgo/catkin_ws/build/CMakeFiles/CMakeTmp/CheckSymbolExists.c:
/* */
#include <pthread.h>

int main(int argc, char** argv)
{
  (void)argv;
#ifndef pthread_create
  return ((int*)(&pthread_create))[argc];
#else
  (void)argc;
  return 0;
#endif
}

Determining if the function pthread_create exists in the pthreads failed with the following output:
Change Dir: /users/studs/bsc/2015/barakgo/catkin_ws/build/CMakeFiles/CMakeTmp

Run Build Command:/usr/bin/make "cmTryCompileExec1707649219/fast"
/usr/bin/make -f CMakeFiles/cmTryCompileExec1707649219.dir/build.make CMakeFiles/cmTryCompileExec1707649219.dir/build
make[1]: Entering directory `/users/studs/bsc/2015/barakgo/catkin_ws/build/CMakeFiles/CMakeTmp'
/usr/bin/cmake -E cmake_progress_report /users/studs/bsc/2015/barakgo/catkin_ws/build/CMakeFiles/CMakeTmp/CMakeFiles 1
Building C object CMakeFiles/cmTryCompileExec1707649219.dir/CheckFunctionExists.c.o
/usr/bin/cc   -DCHECK_FUNCTION_EXISTS=pthread_create   -o CMakeFiles/cmTryCompileExec1707649219.dir/CheckFunctionExists.c.o   -c /usr/share/cmake-2.8/Modules/CheckFunctionExists.c
Linking C executable cmTryCompileExec1707649219
/usr/bin/cmake -E cmake_link_script CMakeFiles/cmTryCompileExec1707649219.dir/link.txt --verbose=1
/usr/bin/cc   -DCHECK_FUNCTION_EXISTS=pthread_create    CMakeFiles/cmTryCompileExec1707649219.dir/CheckFunctionExists.c.o  -o cmTryCompileExec1707649219 -rdynamic -lpthreads 
/usr/bin/ld: cannot find -lpthreads
collect2: error: ld returned 1 exit status
make[1]: *** [cmTryCompileExec1707649219] Error 1
make[1]: Leaving directory `/users/studs/bsc/2015/barakgo/catkin_ws/build/CMakeFiles/CMakeTmp'
make: *** [cmTryCompileExec1707649219/fast] Error 2


